{"myFile":{"name":"\u65b0\u65f6\u4ee3\u4e0b\u6709\u4e2d\u56fd\u7279\u8272\u7684\u793e\u4f01\u6447\u7bee\u4e0e\u5e73\u53f0\u521b\u5efa20190211.pdf","type":"application\/pdf","tmp_name":"\/Applications\/MAMP\/tmp\/php\/phpnNNJVE","error":0,"size":2503352}}
{"myFile":{"name":"\u65b0\u65f6\u4ee3\u4e0b\u6709\u4e2d\u56fd\u7279\u8272\u7684\u793e\u4f01\u6447\u7bee\u4e0e\u5e73\u53f0\u521b\u5efa20190211.pdf","type":"application\/pdf","tmp_name":"\/Applications\/MAMP\/tmp\/php\/phpmsxgQm","error":0,"size":2503352}}
{"myFile":{"name":"\u4e2d\u4ec1\u601d\u6e90\u53ca\u5e73\u53f0\u53d1\u5c55\u601d\u800320180830.pdf","type":"application\/pdf","tmp_name":"\/Applications\/MAMP\/tmp\/php\/phpvWEzIa","error":0,"size":336016}}
{"myFile":{"name":"\u65b0\u65f6\u4ee3\u4e0b\u6709\u4e2d\u56fd\u7279\u8272\u7684\u793e\u4f01\u6447\u7bee\u4e0e\u5e73\u53f0\u521b\u5efa20190211.pdf","type":"application\/pdf","tmp_name":"\/Applications\/MAMP\/tmp\/php\/phptoNZMU","error":0,"size":2503352}}
{"myFile":{"name":"\u4e2d\u4ec1\u601d\u6e90\u53ca\u5e73\u53f0\u53d1\u5c55\u601d\u800320180830.pdf","type":"application\/pdf","tmp_name":"\/Applications\/MAMP\/tmp\/php\/php7KLOap","error":0,"size":336016}}
{"myFile":{"name":"\u65b0\u65f6\u4ee3\u4e0b\u6709\u4e2d\u56fd\u7279\u8272\u7684\u793e\u4f01\u6447\u7bee\u4e0e\u5e73\u53f0\u521b\u5efa20190211.pdf","type":"application\/pdf","tmp_name":"\/Applications\/MAMP\/tmp\/php\/phpuqycls","error":0,"size":2503352}}
{"myFile":{"name":"\u673a\u5668\u4eba\u8bfe\u7a0b\u63a8\u5e7f\u5c0f\u7a0b\u5e8f-3.25.doc","type":"application\/msword","tmp_name":"\/Applications\/MAMP\/tmp\/php\/phpTMDFte","error":0,"size":19456}}
{"myFile":{"name":"\u673a\u5668\u4eba\u8bfe\u7a0b\u63a8\u5e7f\u5c0f\u7a0b\u5e8f-3.25.doc","type":"application\/msword","tmp_name":"\/Applications\/MAMP\/tmp\/php\/phpdhAwUM","error":0,"size":19456}}
{"myFile":{"name":"\u673a\u5668\u4eba\u8bfe\u7a0b\u63a8\u5e7f\u5c0f\u7a0b\u5e8f-3.25.doc","type":"application\/msword","tmp_name":"\/Applications\/MAMP\/tmp\/php\/phpOkUOlI","error":0,"size":19456}}
{"myFile":{"name":"\u53c2\u8003\u673a\u5668\u4eba\u521b\u5ba22019\u6625\u5b63\u6392\u8bfe-\u4ef7\u683c.pdf","type":"application\/pdf","tmp_name":"\/Applications\/MAMP\/tmp\/php\/phpYCBsYj","error":0,"size":145432}}
{"myFile":{"name":"\u673a\u5668\u4eba\u8bfe\u7a0b\u63a8\u5e7f\u5c0f\u7a0b\u5e8f-3.25.doc","type":"application\/msword","tmp_name":"\/Applications\/MAMP\/tmp\/php\/phpSco4Dr","error":0,"size":19456}}
{"myFile":{"name":"\u673a\u5668\u4eba\u8bfe\u7a0b\u63a8\u5e7f\u5c0f\u7a0b\u5e8f-3.25.doc","type":"application\/msword","tmp_name":"\/Applications\/MAMP\/tmp\/php\/php6JBi4x","error":0,"size":19456}}
{"myFile":{"name":"\u673a\u5668\u4eba\u8bfe\u7a0b\u63a8\u5e7f\u5c0f\u7a0b\u5e8f-3.25.doc","type":"application\/msword","tmp_name":"\/Applications\/MAMP\/tmp\/php\/phpIqV6dM","error":0,"size":19456}}
{"myFile":{"name":"\u95ee\u9898\u53cd\u9988.doc","type":"application\/msword","tmp_name":"\/Applications\/MAMP\/tmp\/php\/phpfeeZPi","error":0,"size":22528}}
{"myFile":{"name":"\u5956\u54c1\u8584.xls","type":"application\/octet-stream","tmp_name":"\/Applications\/MAMP\/tmp\/php\/phpI0PfD2","error":0,"size":8192}}
{"myFile":{"name":"\u5956\u54c1\u8584.xls","type":"application\/octet-stream","tmp_name":"\/Applications\/MAMP\/tmp\/php\/phpUXinfq","error":0,"size":8192}}
{"myFile":{"name":"\u5956\u54c1\u8584.xls","type":"application\/octet-stream","tmp_name":"\/Applications\/MAMP\/tmp\/php\/phpupW4lF","error":0,"size":8192}}
{"myFile":{"name":"\u5956\u54c1\u8584.xls","type":"application\/octet-stream","tmp_name":"\/Applications\/MAMP\/tmp\/php\/phphtYJjA","error":0,"size":8192}}
{"myFile":{"name":"\u201c\u6bd4\u90bb\u4e3a\u7f8e\u201d\u77ed\u7247\u62cd\u6444\u9884\u6848\u4e8c.pdf","type":"application\/pdf","tmp_name":"\/Applications\/MAMP\/tmp\/php\/phpx82Ue8","error":0,"size":134693}}
{"myFile":{"name":"\u201c\u6bd4\u90bb\u4e3a\u7f8e\u201d\u77ed\u7247\u62cd\u6444\u9884\u6848\u4e00.pdf","type":"application\/pdf","tmp_name":"\/Applications\/MAMP\/tmp\/php\/phpBuiRM0","error":0,"size":110698}}
{"myFile":{"name":"\u201c\u6bd4\u90bb\u4e3a\u7f8e\u201d\u77ed\u7247\u62cd\u6444\u9884\u6848\u4e00.pdf","type":"application\/pdf","tmp_name":"\/Applications\/MAMP\/tmp\/php\/php3TylqX","error":0,"size":110698}}
{"myFile":{"name":"\u201c\u6bd4\u90bb\u4e3a\u7f8e\u201d\u77ed\u7247\u62cd\u6444\u9884\u6848\u4e00.pdf","type":"application\/pdf","tmp_name":"\/Applications\/MAMP\/tmp\/php\/php4qp3yX","error":0,"size":110698}}
{"myFile":{"name":"\u201c\u6bd4\u90bb\u4e3a\u7f8e\u201d\u77ed\u7247\u62cd\u6444\u9884\u6848\u4e8c.pdf","type":"application\/pdf","tmp_name":"\/Applications\/MAMP\/tmp\/php\/phpn1hFVV","error":0,"size":134693}}
{"myFile":{"name":"\u201c\u6bd4\u90bb\u4e3a\u7f8e\u201d\u77ed\u7247\u62cd\u6444\u9884\u6848\u4e8c.pdf","type":"application\/pdf","tmp_name":"\/Applications\/MAMP\/tmp\/php\/php0LM0rE","error":0,"size":134693}}
{"myFile":{"name":"\u201c\u6bd4\u90bb\u4e3a\u7f8e\u201d\u77ed\u7247\u62cd\u6444\u9884\u6848\u4e00.pdf","type":"application\/pdf","tmp_name":"\/Applications\/MAMP\/tmp\/php\/php1EkeMJ","error":0,"size":110698}}
{"myFile":{"name":"\u201c\u6bd4\u90bb\u4e3a\u7f8e\u201d\u77ed\u7247\u62cd\u6444\u9884\u6848\u4e8c.pdf","type":"application\/pdf","tmp_name":"\/Applications\/MAMP\/tmp\/php\/phpRWkKOR","error":0,"size":134693}}
{"myFile":{"name":"\u201c\u6bd4\u90bb\u4e3a\u7f8e\u201d\u77ed\u7247\u62cd\u6444\u9884\u6848\u4e00.pdf","type":"application\/pdf","tmp_name":"\/Applications\/MAMP\/tmp\/php\/phpmvHIPC","error":0,"size":110698}}
{"myFile":{"name":"\u201c\u6bd4\u90bb\u4e3a\u7f8e\u201d\u77ed\u7247\u62cd\u6444\u9884\u6848\u4e8c.pdf","type":"application\/pdf","tmp_name":"\/Applications\/MAMP\/tmp\/php\/phpVqW7rC","error":0,"size":134693}}
{"myFile":{"name":"2018\u5e74\u5c45\u6c11\u6765\u4fe1\u6c47\u603b.pdf","type":"application\/pdf","tmp_name":"\/Applications\/MAMP\/tmp\/php\/phpWLPdV8","error":0,"size":3128622}}
{"myFile":{"name":"1_\u6bd4\u90bb\u4e3a\u7f8e+\u4e13\u5bb6\u667a\u5e93 (\u603b).xls","type":"application\/octet-stream","tmp_name":"\/Applications\/MAMP\/tmp\/php\/php5R9OLG","error":0,"size":2364416}}
{"myFile":{"name":"\u201c\u6bd4\u90bb\u4e3a\u7f8e\u201d\u77ed\u7247\u62cd\u6444\u9884\u6848\u4e00.pdf","type":"application\/pdf","tmp_name":"\/Applications\/MAMP\/tmp\/php\/php0ipCW2","error":0,"size":110698}}
{"myFile":{"name":"\u201c\u6bd4\u90bb\u4e3a\u7f8e\u201d\u77ed\u7247\u62cd\u6444\u9884\u6848\u4e8c.pdf","type":"application\/pdf","tmp_name":"\/Applications\/MAMP\/tmp\/php\/phpQvmRB2","error":0,"size":134693}}
{"myFile":{"name":"2018\u5e74\u5c45\u6c11\u6765\u4fe1\u6c47\u603b.pdf","type":"application\/pdf","tmp_name":"\/Applications\/MAMP\/tmp\/php\/phphzgdWt","error":0,"size":3128622}}
{"myFile":{"name":"\u738b\u9e4f\u5b87\u7684\u804c\u4e1a\u89c4\u5212\u548c\u5e73\u53f0\u611f\u609f.pdf","type":"application\/pdf","tmp_name":"\/Applications\/MAMP\/tmp\/php\/phpksXzY3","error":0,"size":95662}}
{"myFile":{"name":"\u57fa\u5c42\u793e\u4f1a\u6cbb\u7406\u9879\u76ee\u7533\u62a5\u8868\u7530\u6751\u8def\u8857\u905320180728.doc","type":"application\/msword","tmp_name":"\/Applications\/MAMP\/tmp\/php\/phpuHDxZ1","error":0,"size":55296}}
{"myFile":{"name":"\u6bd4\u90bb\u4e3a\u7f8e\u9879\u76ee\u8bb0\u5f552019.1.3\u5907.pdf","type":"application\/pdf","tmp_name":"\/Applications\/MAMP\/tmp\/php\/phptaxfnH","error":0,"size":52953}}
{"myFile":{"name":"\u4e2d\u4ec1\u601d\u6e90\u53ca\u5e73\u53f0\u53d1\u5c55\u601d\u800320180830.pdf","type":"application\/pdf","tmp_name":"\/Applications\/MAMP\/tmp\/php\/phpIw83hV","error":0,"size":336016}}
{"myFile":{"name":"\u65b0\u65f6\u4ee3\u4e0b\u6709\u4e2d\u56fd\u7279\u8272\u7684\u793e\u4f01\u6447\u7bee\u4e0e\u5e73\u53f0\u521b\u5efa20190211.pdf","type":"application\/pdf","tmp_name":"\/Applications\/MAMP\/tmp\/php\/phplDO2eb","error":0,"size":2503352}}
{"myFile":{"name":"\u5458\u5de5\u624b\u518c\u521d\u8865\u5145\u5efa\u8bae.doc","type":"application\/msword","tmp_name":"\/Applications\/MAMP\/tmp\/php\/phpmCG2Cz","error":0,"size":27136}}
{"myFile":{"name":"\u667a\u6167\u793e\u533a\u7cfb\u7edf\u529f\u80fd\u9700\u6c42\u5217\u8868V2.2_0902(\u4e00\u671f).xlsx","type":"application\/vnd.openxmlformats-officedocument.spreadsheetml.sheet","tmp_name":"\/Applications\/MAMP\/tmp\/php\/php6PDaNA","error":0,"size":807744}}
{"myFile":{"name":"\u5f20\u5317\u53bf\u793e\u4f1a\u5de5\u4f5c\u59d4\u5458\u4f1a\u53c2\u52a0\u540d\u5355.doc","type":"application\/msword","tmp_name":"\/Applications\/MAMP\/tmp\/php\/php6DsQvT","error":0,"size":29184}}
{"myFile":{"name":"\u8bfe\u88685.6-5.12.xls","type":"application\/octet-stream","tmp_name":"\/Applications\/MAMP\/tmp\/php\/phpkflpkL","error":0,"size":54272}}
{"myFile":{"name":"\u8bfe\u88685.6-5.12.xls","type":"application\/octet-stream","tmp_name":"\/Applications\/MAMP\/tmp\/php\/phpl5leqK","error":0,"size":54272}}
{"myFile":{"name":"\u6cb3\u5317\u519c\u4e1a\u5927\u5b66\u73b0\u4ee3\u79d1\u6280\u5b66\u9662\u6bd5\u4e1a\u751f\u7075\u6d3b\u5c31\u4e1a\u767b\u8bb0\u8868.doc","type":"application\/msword","tmp_name":"\/Applications\/MAMP\/tmp\/php\/phpisXF8S","error":0,"size":41472}}
{"myFile":{"name":"\u8bfe\u88685.6-5.12.xls","type":"application\/octet-stream","tmp_name":"\/Applications\/MAMP\/tmp\/php\/phpWC7UwR","error":0,"size":54272}}
{"myFile":{"name":"\u5c0f\u6ee1\u81ea\u5a92\u4f53\u5408\u4f5c\u5206\u914d\uff08\u6536\u76ca\uff09.pdf","type":"application\/pdf","tmp_name":"\/Applications\/MAMP\/tmp\/php\/phplXMwBJ","error":0,"size":35216}}
{"myFile":{"name":"\u5e73\u53f0\u5de5\u4f5c\u68b3\u7406-\u7ebf\u4e0a\u9879\u76ee\u7ec4.xlsx","type":"application\/vnd.openxmlformats-officedocument.spreadsheetml.sheet","tmp_name":"\/Applications\/MAMP\/tmp\/php\/php6yfAZt","error":0,"size":12347}}
{"myFile":{"name":"\u7ae5\u5fc3\u6696\u5915\u9633\u516c\u76ca\u884c\u6d3b\u52a8\u80cc\u666f\u8bbe\u8ba1.doc","type":"application\/msword","tmp_name":"\/Applications\/MAMP\/tmp\/php\/phpc0b0gb","error":0,"size":23552}}
{"myFile":{"name":"\u6bd4\u90bb\u4e3a\u7f8e\u65b0\u5a92\u4f53\u8fd0\u8425\u77e9\u9635\u5b9e\u65bd\u65b9\u6848.pdf","type":"application\/pdf","tmp_name":"\/Applications\/MAMP\/tmp\/php\/phpR4IO99","error":0,"size":73801}}
{"myFile":{"name":"\u7ae5\u5fc3\u6696\u5915\u9633\u516c\u76ca\u884c\u6d3b\u52a8\u80cc\u666f\u8bbe\u8ba1.doc","type":"application\/msword","tmp_name":"\/Applications\/MAMP\/tmp\/php\/phpszvm57","error":0,"size":23552}}
{"myFile":{"name":"\u6bd4\u90bb\u56e2\u5efa\u767b\u8bb0-\u8868\u5355\u53cd\u9988\u5bfc\u51fa_2019-05-20 (2).xlsx","type":"application\/vnd.openxmlformats-officedocument.spreadsheetml.sheet","tmp_name":"\/Applications\/MAMP\/tmp\/php\/phphe7aL8","error":0,"size":12079}}
